2019-10-22 09:00:17-NemsSpider.spiders.dw_dec- parse 83-WARNING:dw-2019-10-22-2019-10-22:应该获取的总数：3条 实际获取的总数：3条
2019-10-22 09:00:17-NemsSpider.spiders.dw_dec- parse 83-WARNING:dw-2019-10-22-2019-10-22:应该获取的总数：3条 实际获取的总数：3条
2019-10-22 09:00:17-NemsSpider.pipelines- handler_dec 337-INFO:dongguan-已新增报关单数据I20190000319471667
2019-10-22 09:00:18-NemsSpider.spiders.dw_dec- parse 83-WARNING:dw-2019-10-22-2019-10-22:应该获取的总数：0条 实际获取的总数：0条
2019-10-22 09:00:18-NemsSpider.spiders.dw_dec- parse 83-WARNING:dw-2019-10-22-2019-10-22:应该获取的总数：0条 实际获取的总数：0条
2019-10-22 09:00:20-NemsSpider.spiders.dec- parse 83-WARNING:2019-10-22-2019-10-22:应该获取的总数：44条 实际获取的总数：44条
2019-10-22 09:00:20-NemsSpider.spiders.dec- parse 83-WARNING:2019-10-22-2019-10-22:应该获取的总数：40条 实际获取的总数：40条
2019-10-22 09:00:21-NemsSpider.pipelines- handler_dec 337-INFO:jibao-已新增报关单数据I20190000319709743
2019-10-22 09:00:21-NemsSpider.nems_join- update_data 589-INFO:备案序号数据更新成功2379
2019-10-22 09:00:21-NemsSpider.pipelines- handler_nems 154-INFO:已创建核注清单数据201900000012493187
2019-10-22 09:00:21-NemsSpider.pipelines- handler_dec 337-INFO:jibao-已新增报关单数据E20190000319464885
2019-10-22 09:00:22-NemsSpider.pipelines- handler_dec 337-INFO:jibao-已新增报关单数据E20190000319460071
2019-10-22 09:00:22-NemsSpider.nems_join- update_data 589-INFO:备案序号数据更新成功2379
2019-10-22 09:00:22-NemsSpider.pipelines- handler_nems 154-INFO:已创建核注清单数据201900000012494399
2019-10-22 09:00:22-NemsSpider.pipelines- handler_dec 323-WARNING:jibao-已跳过报关单数据E20190000319728165
2019-10-22 09:00:22-NemsSpider.spiders.nems- parse 61-WARNING:不存在保税核注清单数据！, 请求数据：{'selTradeCode': '4403W60001', 'bondInvtNo': '', 'seqNo': '', 'bizopEtpsNo': '', 'inputDateStart': '20191022', 'inputDateEnd': '20191022', 'impExpMarkCd': 'E', 'impExpMarkCdName': '出口', 'status': 'B', 'statusName': '海关终审通过'}
2019-10-22 09:00:22-NemsSpider.spiders.dec- parse 83-WARNING:2019-10-22-2019-10-22:应该获取的总数：3条 实际获取的总数：3条
2019-10-22 09:00:22-NemsSpider.spiders.nems- parse 61-WARNING:不存在保税核注清单数据！, 请求数据：{'selTradeCode': '4403W60001', 'bondInvtNo': '', 'seqNo': '', 'bizopEtpsNo': '', 'inputDateStart': '20191022', 'inputDateEnd': '20191022', 'impExpMarkCd': 'E', 'impExpMarkCdName': '出口', 'status': 'P', 'statusName': '预审批通过'}
2019-10-22 09:00:22-NemsSpider.spiders.dec- parse 83-WARNING:2019-10-22-2019-10-22:应该获取的总数：0条 实际获取的总数：0条
2019-10-22 09:00:23-NemsSpider.pipelines- handler_dec 323-WARNING:jibao-已跳过报关单数据I20190000319558999
2019-10-22 09:00:23-NemsSpider.pipelines- handler_dec 323-WARNING:jibao-已跳过报关单数据I20190000319560679
2019-10-22 09:00:24-NemsSpider.pipelines- handler_dec 323-WARNING:jibao-已跳过报关单数据I20190000319560675
2019-10-22 10:00:17-NemsSpider.spiders.dw_dec- parse 83-WARNING:dw-2019-10-22-2019-10-22:应该获取的总数：12条 实际获取的总数：12条
2019-10-22 10:00:17-NemsSpider.spiders.dw_dec- parse 83-WARNING:dw-2019-10-22-2019-10-22:应该获取的总数：18条 实际获取的总数：18条
2019-10-22 10:00:20-NemsSpider.pipelines- handler_dec 333-INFO:dongguan-已更新报关单数据I20190000319471667
2019-10-22 10:00:20-NemsSpider.pipelines- handler_dec 337-INFO:dongguan-已新增报关单数据E20190000319470921
2019-10-22 10:00:20-NemsSpider.nems_join- get_sql_data 451-ERROR:走的其他条件逻辑CR_9,0
2019-10-22 10:00:20-NemsSpider.pipelines- handler_nems 154-INFO:已创建核注清单数据201900000012501300
2019-10-22 10:00:21-NemsSpider.pipelines- handler_dec 337-INFO:dongguan-已新增报关单数据E20190000319489187
2019-10-22 10:00:21-NemsSpider.nems_join- update_data 589-INFO:备案序号数据更新成功3804
2019-10-22 10:00:21-NemsSpider.nems_join- update_data 589-INFO:备案序号数据更新成功3736
2019-10-22 10:00:21-NemsSpider.nems_join- update_data 589-INFO:备案序号数据更新成功2912
2019-10-22 10:00:21-NemsSpider.pipelines- handler_nems 154-INFO:已创建核注清单数据201900000012500277
2019-10-22 10:00:22-NemsSpider.pipelines- handler_dec 337-INFO:dongguan-已新增报关单数据E20190000319673631
2019-10-22 10:00:22-NemsSpider.spiders.dec- parse 83-WARNING:2019-10-22-2019-10-22:应该获取的总数：69条 实际获取的总数：69条
2019-10-22 10:00:22-NemsSpider.nems_join- update_data 589-INFO:备案序号数据更新成功2726
2019-10-22 10:00:22-NemsSpider.nems_join- update_data 589-INFO:备案序号数据更新成功2726
2019-10-22 10:00:22-NemsSpider.pipelines- handler_nems 154-INFO:已创建核注清单数据201900000012500149
2019-10-22 10:00:22-NemsSpider.spiders.dec- parse 83-WARNING:2019-10-22-2019-10-22:应该获取的总数：64条 实际获取的总数：64条
2019-10-22 10:00:22-NemsSpider.pipelines- handler_dec 337-INFO:dongguan-已新增报关单数据E20190000319731203
2019-10-22 10:00:23-NemsSpider.pipelines- handler_dec 333-INFO:jibao-已更新报关单数据I20190000319709743
2019-10-22 10:00:23-NemsSpider.pipelines- handler_dec 337-INFO:dongguan-已新增报关单数据I20190000319673141
2019-10-22 10:00:23-NemsSpider.pipelines- handler_dec 333-INFO:jibao-已更新报关单数据E20190000319464885
2019-10-22 10:00:23-NemsSpider.spiders.dw_dec- parse 83-WARNING:dw-2019-10-22-2019-10-22:应该获取的总数：0条 实际获取的总数：0条
2019-10-22 10:00:24-NemsSpider.nems_join- update_data 589-INFO:备案序号数据更新成功2677
2019-10-22 10:00:24-NemsSpider.nems_join- update_data 589-INFO:备案序号数据更新成功2677
2019-10-22 10:00:24-NemsSpider.spiders.dw_dec- parse 83-WARNING:dw-2019-10-22-2019-10-22:应该获取的总数：0条 实际获取的总数：0条
2019-10-22 10:00:24-NemsSpider.nems_join- update_data 589-INFO:备案序号数据更新成功2756
2019-10-22 10:00:24-NemsSpider.pipelines- handler_dec 333-INFO:jibao-已更新报关单数据E20190000319460071
2019-10-22 10:00:24-NemsSpider.nems_join- update_data 589-INFO:备案序号数据更新成功2677
2019-10-22 10:00:24-NemsSpider.nems_join- update_data 589-INFO:备案序号数据更新成功2677
2019-10-22 10:00:24-NemsSpider.pipelines- handler_dec 323-WARNING:jibao-已跳过报关单数据E20190000319728165
2019-10-22 10:00:24-NemsSpider.nems_join- update_data 589-INFO:备案序号数据更新成功2677
2019-10-22 10:00:24-NemsSpider.nems_join- update_data 589-INFO:备案序号数据更新成功2677
2019-10-22 10:00:24-NemsSpider.nems_join- update_data 589-INFO:备案序号数据更新成功2677
2019-10-22 10:00:24-NemsSpider.nems_join- update_data 589-INFO:备案序号数据更新成功2677
2019-10-22 10:00:25-NemsSpider.nems_join- update_data 589-INFO:备案序号数据更新成功2677
2019-10-22 10:00:25-NemsSpider.nems_join- update_data 589-INFO:备案序号数据更新成功2677
2019-10-22 10:00:25-NemsSpider.nems_join- update_data 589-INFO:备案序号数据更新成功2677
2019-10-22 10:00:25-NemsSpider.pipelines- handler_dec 337-INFO:jibao-已新增报关单数据E20190000319395727
2019-10-22 10:00:25-NemsSpider.nems_join- update_data 589-INFO:备案序号数据更新成功2677
2019-10-22 10:00:25-NemsSpider.nems_join- update_data 589-INFO:备案序号数据更新成功2677
2019-10-22 10:00:25-NemsSpider.nems_join- update_data 589-INFO:备案序号数据更新成功2677
2019-10-22 10:00:25-NemsSpider.nems_join- update_data 589-INFO:备案序号数据更新成功2677
2019-10-22 10:00:25-NemsSpider.nems_join- update_data 589-INFO:备案序号数据更新成功2677
2019-10-22 10:00:26-NemsSpider.nems_join- update_data 589-INFO:备案序号数据更新成功2677
2019-10-22 10:00:26-NemsSpider.pipelines- handler_dec 337-INFO:jibao-已新增报关单数据E20190000319404221
2019-10-22 10:00:26-NemsSpider.nems_join- update_data 589-INFO:备案序号数据更新成功2677
2019-10-22 10:00:26-NemsSpider.nems_join- update_data 589-INFO:备案序号数据更新成功2677
2019-10-22 10:00:26-NemsSpider.pipelines- handler_dec 323-WARNING:jibao-已跳过报关单数据E20190000319807723
2019-10-22 10:00:26-NemsSpider.nems_join- update_data 589-INFO:备案序号数据更新成功2677
2019-10-22 10:00:26-NemsSpider.pipelines- handler_dec 323-WARNING:jibao-已跳过报关单数据E20190000319809493
2019-10-22 10:00:27-NemsSpider.pipelines- handler_dec 323-WARNING:jibao-已跳过报关单数据E20190000319814163
2019-10-22 10:00:27-NemsSpider.pipelines- handler_nems 154-INFO:已创建核注清单数据201900000012498830
2019-10-22 10:00:27-NemsSpider.pipelines- handler_dec 323-WARNING:jibao-已跳过报关单数据E20190000319815821
2019-10-22 10:00:28-NemsSpider.pipelines- handler_dec 323-WARNING:jibao-已跳过报关单数据E20190000319810581
2019-10-22 10:00:28-NemsSpider.nems_join- updata_list_data 231-INFO:表体数据库存更新成功None,2379
2019-10-22 10:00:28-NemsSpider.nems_join- updata_data 244-INFO:备案序号数据更新成功137835,2379
2019-10-22 10:00:28-NemsSpider.pipelines- handler_nems 140-INFO:已更新核注清单数据201900000012494399
2019-10-22 10:00:28-NemsSpider.pipelines- handler_dec 323-WARNING:jibao-已跳过报关单数据E20190000319810603
2019-10-22 10:00:28-NemsSpider.pipelines- handler_dec 323-WARNING:jibao-已跳过报关单数据E20190000319810619
2019-10-22 10:00:29-NemsSpider.pipelines- handler_dec 323-WARNING:jibao-已跳过报关单数据E20190000319810883
2019-10-22 10:00:29-NemsSpider.nems_join- get_sql_data 451-ERROR:走的其他条件逻辑CR_9,0
2019-10-22 10:00:29-NemsSpider.pipelines- handler_nems 154-INFO:已创建核注清单数据201900000012500324
2019-10-22 10:00:29-NemsSpider.pipelines- handler_dec 323-WARNING:jibao-已跳过报关单数据E20190000319810093
2019-10-22 10:00:29-NemsSpider.nems_join- get_sql_data 451-ERROR:走的其他条件逻辑CR_9,0
2019-10-22 10:00:29-NemsSpider.pipelines- handler_nems 154-INFO:已创建核注清单数据201900000012500323
2019-10-22 10:00:30-NemsSpider.pipelines- handler_dec 337-INFO:jibao-已新增报关单数据E20190000319744009
2019-10-22 10:00:30-NemsSpider.pipelines- handler_dec 323-WARNING:jibao-已跳过报关单数据E20190000319841861
2019-10-22 10:00:30-NemsSpider.nems_join- get_sql_data 451-ERROR:走的其他条件逻辑CR_9,0
2019-10-22 10:00:30-NemsSpider.pipelines- handler_nems 154-INFO:已创建核注清单数据201900000012500320
2019-10-22 10:00:30-NemsSpider.pipelines- handler_dec 323-WARNING:jibao-已跳过报关单数据E20190000319810519
2019-10-22 10:00:31-NemsSpider.nems_join- get_sql_data 451-ERROR:走的其他条件逻辑CR_9,0
2019-10-22 10:00:31-NemsSpider.pipelines- handler_dec 323-WARNING:jibao-已跳过报关单数据E20190000319875451
2019-10-22 10:00:31-NemsSpider.pipelines- handler_nems 154-INFO:已创建核注清单数据201900000012500318
2019-10-22 10:00:31-NemsSpider.pipelines- handler_dec 323-WARNING:jibao-已跳过报关单数据E20190000319856991
2019-10-22 10:00:32-NemsSpider.nems_join- get_sql_data 451-ERROR:走的其他条件逻辑CR_9,0
2019-10-22 10:00:32-NemsSpider.pipelines- handler_nems 154-INFO:已创建核注清单数据201900000012496577
2019-10-22 10:00:32-NemsSpider.pipelines- handler_dec 337-INFO:jibao-已新增报关单数据E20190000319033309
2019-10-22 10:00:32-NemsSpider.pipelines- handler_dec 323-WARNING:jibao-已跳过报关单数据E20190000319809151
2019-10-22 10:00:33-NemsSpider.nems_join- updata_list_data 231-INFO:表体数据库存更新成功None,2379
2019-10-22 10:00:33-NemsSpider.nems_join- updata_data 244-INFO:备案序号数据更新成功137834,2379
2019-10-22 10:00:33-NemsSpider.pipelines- handler_nems 140-INFO:已更新核注清单数据201900000012493187
2019-10-22 10:00:33-NemsSpider.pipelines- handler_dec 323-WARNING:jibao-已跳过报关单数据E20190000319807403
2019-10-22 10:00:33-NemsSpider.spiders.nems- parse 61-WARNING:不存在保税核注清单数据！, 请求数据：{'selTradeCode': '4403W60001', 'bondInvtNo': '', 'seqNo': '', 'bizopEtpsNo': '', 'inputDateStart': '20191022', 'inputDateEnd': '20191022', 'impExpMarkCd': 'E', 'impExpMarkCdName': '出口', 'status': 'B', 'statusName': '海关终审通过'}
2019-10-22 10:00:33-NemsSpider.pipelines- handler_dec 323-WARNING:jibao-已跳过报关单数据E20190000319876937
2019-10-22 10:00:33-NemsSpider.spiders.nems- parse 61-WARNING:不存在保税核注清单数据！, 请求数据：{'selTradeCode': '4403W60001', 'bondInvtNo': '', 'seqNo': '', 'bizopEtpsNo': '', 'inputDateStart': '20191022', 'inputDateEnd': '20191022', 'impExpMarkCd': 'E', 'impExpMarkCdName': '出口', 'status': 'P', 'statusName': '预审批通过'}
2019-10-22 10:00:33-NemsSpider.pipelines- handler_dec 337-INFO:jibao-已新增报关单数据E20190000319739615
2019-10-22 10:00:34-NemsSpider.pipelines- handler_dec 323-WARNING:jibao-已跳过报关单数据E20190000319805651
2019-10-22 10:00:34-NemsSpider.pipelines- handler_dec 323-WARNING:jibao-已跳过报关单数据E20190000319805465
2019-10-22 10:00:35-NemsSpider.pipelines- handler_dec 323-WARNING:jibao-已跳过报关单数据I20190000319807009
2019-10-22 10:00:35-NemsSpider.pipelines- handler_dec 323-WARNING:jibao-已跳过报关单数据I20190000319807601
2019-10-22 10:00:36-NemsSpider.pipelines- handler_dec 323-WARNING:jibao-已跳过报关单数据I20190000319809331
2019-10-22 10:00:36-NemsSpider.pipelines- handler_dec 323-WARNING:jibao-已跳过报关单数据I20190000319846801
2019-10-22 10:00:37-NemsSpider.pipelines- handler_dec 337-INFO:jibao-已新增报关单数据I20190000319410415
2019-10-22 10:00:37-NemsSpider.pipelines- handler_dec 323-WARNING:jibao-已跳过报关单数据I20190000319812751
2019-10-22 10:00:39-NemsSpider.pipelines- handler_dec 323-WARNING:jibao-已跳过报关单数据I20190000319850935
2019-10-22 10:00:39-NemsSpider.pipelines- handler_dec 323-WARNING:jibao-已跳过报关单数据I20190000319669517
2019-10-22 10:00:40-NemsSpider.pipelines- handler_dec 337-INFO:jibao-已新增报关单数据I20190000319818463
2019-10-22 10:00:41-NemsSpider.pipelines- handler_dec 337-INFO:jibao-已新增报关单数据I20190000319816219
2019-10-22 10:00:41-NemsSpider.pipelines- handler_dec 337-INFO:jibao-已新增报关单数据I20190000319615547
2019-10-22 10:00:41-NemsSpider.pipelines- handler_dec 323-WARNING:jibao-已跳过报关单数据I20190000319892273
2019-10-22 10:00:42-NemsSpider.pipelines- handler_dec 323-WARNING:jibao-已跳过报关单数据I20190000319903749
2019-10-22 10:00:42-NemsSpider.spiders.dec- parse 83-WARNING:2019-10-22-2019-10-22:应该获取的总数：3条 实际获取的总数：3条
2019-10-22 10:00:42-NemsSpider.spiders.dec- parse 83-WARNING:2019-10-22-2019-10-22:应该获取的总数：0条 实际获取的总数：0条
2019-10-22 10:00:42-NemsSpider.pipelines- handler_dec 323-WARNING:jibao-已跳过报关单数据I20190000319560675
2019-10-22 10:00:43-NemsSpider.pipelines- handler_dec 323-WARNING:jibao-已跳过报关单数据I20190000319558999
2019-10-22 10:00:43-NemsSpider.pipelines- handler_dec 323-WARNING:jibao-已跳过报关单数据I20190000319560679
2019-10-22 11:00:18-NemsSpider.spiders.dw_dec- parse 83-WARNING:dw-2019-10-22-2019-10-22:应该获取的总数：21条 实际获取的总数：21条
2019-10-22 11:00:18-NemsSpider.spiders.dw_dec- parse 83-WARNING:dw-2019-10-22-2019-10-22:应该获取的总数：23条 实际获取的总数：23条
2019-10-22 11:00:19-NemsSpider.spiders.dec- parse 83-WARNING:2019-10-22-2019-10-22:应该获取的总数：119条 实际获取的总数：119条
2019-10-22 11:00:20-NemsSpider.spiders.dec- parse 83-WARNING:2019-10-22-2019-10-22:应该获取的总数：93条 实际获取的总数：93条
2019-10-22 11:00:20-NemsSpider.pipelines- handler_dec 337-INFO:jibao-已新增报关单数据I20190000319813225
2019-10-22 11:00:21-NemsSpider.pipelines- handler_dec 333-INFO:dongguan-已更新报关单数据I20190000319471667
2019-10-22 11:00:21-NemsSpider.pipelines- handler_dec 323-WARNING:jibao-已跳过报关单数据I20190000319807009
2019-10-22 11:00:21-NemsSpider.pipelines- handler_dec 323-WARNING:jibao-已跳过报关单数据E20190000319808621
2019-10-22 11:00:21-NemsSpider.pipelines- handler_dec 333-INFO:dongguan-已更新报关单数据E20190000319470921
2019-10-22 11:00:22-NemsSpider.pipelines- handler_dec 323-WARNING:jibao-已跳过报关单数据E20190000319807723
2019-10-22 11:00:22-NemsSpider.pipelines- handler_dec 337-INFO:dongguan-已新增报关单数据E20190000319574669
2019-10-22 11:00:22-NemsSpider.pipelines- handler_dec 323-WARNING:jibao-已跳过报关单数据E20190000319728165
2019-10-22 11:00:22-NemsSpider.pipelines- handler_dec 333-INFO:dongguan-已更新报关单数据I20190000319673141
2019-10-22 11:00:23-NemsSpider.pipelines- handler_dec 333-INFO:jibao-已更新报关单数据E20190000319395727
2019-10-22 11:00:23-NemsSpider.pipelines- handler_dec 337-INFO:dongguan-已新增报关单数据I20190000319600853
2019-10-22 11:00:23-NemsSpider.spiders.dw_dec- parse 83-WARNING:dw-2019-10-22-2019-10-22:应该获取的总数：0条 实际获取的总数：0条
2019-10-22 11:00:23-NemsSpider.pipelines- handler_dec 333-INFO:jibao-已更新报关单数据E20190000319404221
2019-10-22 11:00:24-NemsSpider.spiders.dw_dec- parse 83-WARNING:dw-2019-10-22-2019-10-22:应该获取的总数：4条 实际获取的总数：4条
2019-10-22 11:00:24-NemsSpider.pipelines- handler_dec 323-WARNING:jibao-已跳过报关单数据E20190000319809493
2019-10-22 11:00:24-NemsSpider.pipelines- handler_dec 323-WARNING:jibao-已跳过报关单数据E20190000319810093
2019-10-22 11:00:24-NemsSpider.nems_join- get_sql_data 451-ERROR:走的其他条件逻辑CR_9,0
2019-10-22 11:00:24-NemsSpider.pipelines- handler_dec 323-WARNING:jibao-已跳过报关单数据E20190000319841861
2019-10-22 11:00:25-NemsSpider.pipelines- handler_dec 337-INFO:dongguan-已新增报关单数据E20190000319574679
2019-10-22 11:00:25-NemsSpider.pipelines- handler_nems 154-INFO:已创建核注清单数据201900000012514407
2019-10-22 11:00:25-NemsSpider.pipelines- handler_dec 323-WARNING:jibao-已跳过报关单数据E20190000319875451
2019-10-22 11:00:25-NemsSpider.pipelines- handler_dec 333-INFO:dongguan-已更新报关单数据E20190000319489187
2019-10-22 11:00:25-NemsSpider.pipelines- handler_dec 333-INFO:jibao-已更新报关单数据E20190000319033309
2019-10-22 11:00:25-NemsSpider.pipelines- handler_dec 333-INFO:dongguan-已更新报关单数据E20190000319673631
2019-10-22 11:00:25-NemsSpider.nems_join- update_data 589-INFO:备案序号数据更新成功3178
2019-10-22 11:00:25-NemsSpider.nems_join- update_data 589-INFO:备案序号数据更新成功3178
2019-10-22 11:00:26-NemsSpider.nems_join- update_data 589-INFO:备案序号数据更新成功3178
2019-10-22 11:00:26-NemsSpider.nems_join- update_data 589-INFO:备案序号数据更新成功3178
2019-10-22 11:00:26-NemsSpider.nems_join- update_data 589-INFO:备案序号数据更新成功3178
2019-10-22 11:00:26-NemsSpider.pipelines- handler_dec 333-INFO:dongguan-已更新报关单数据E20190000319731203
2019-10-22 11:00:26-NemsSpider.nems_join- update_data 589-INFO:备案序号数据更新成功3178
2019-10-22 11:00:26-NemsSpider.pipelines- handler_nems 154-INFO:已创建核注清单数据201900000012513465
2019-10-22 11:00:28-NemsSpider.pipelines- handler_dec 323-WARNING:jibao-已跳过报关单数据E20190000319809151
2019-10-22 11:00:28-NemsSpider.nems_join- update_data 589-INFO:备案序号数据更新成功2718
2019-10-22 11:00:28-NemsSpider.nems_join- update_data 589-INFO:备案序号数据更新成功2718
2019-10-22 11:00:28-NemsSpider.pipelines- handler_dec 323-WARNING:jibao-已跳过报关单数据E20190000319805651
2019-10-22 11:00:28-NemsSpider.nems_join- update_data 589-INFO:备案序号数据更新成功2718
2019-10-22 11:00:29-NemsSpider.nems_join- update_data 589-INFO:备案序号数据更新成功2718
2019-10-22 11:00:29-NemsSpider.nems_join- update_data 589-INFO:备案序号数据更新成功2718
2019-10-22 11:00:29-NemsSpider.pipelines- handler_nems 154-INFO:已创建核注清单数据201900000012511299
2019-10-22 11:00:29-NemsSpider.pipelines- handler_dec 323-WARNING:jibao-已跳过报关单数据E20190000319805465
2019-10-22 11:00:29-NemsSpider.pipelines- handler_dec 323-WARNING:jibao-已跳过报关单数据E20190000319805461
2019-10-22 11:00:30-NemsSpider.pipelines- handler_dec 323-WARNING:jibao-已跳过报关单数据E20190000319889249
2019-10-22 11:00:30-NemsSpider.nems_join- update_data 589-INFO:备案序号数据更新成功2620
2019-10-22 11:00:30-NemsSpider.nems_join- update_data 589-INFO:备案序号数据更新成功2620
2019-10-22 11:00:30-NemsSpider.pipelines- handler_dec 323-WARNING:jibao-已跳过报关单数据E20190000319889575
2019-10-22 11:00:30-NemsSpider.nems_join- update_data 589-INFO:备案序号数据更新成功2620
2019-10-22 11:00:30-NemsSpider.nems_join- update_data 589-INFO:备案序号数据更新成功2620
2019-10-22 11:00:30-NemsSpider.pipelines- handler_dec 323-WARNING:jibao-已跳过报关单数据E20190000319889733
2019-10-22 11:00:30-NemsSpider.nems_join- update_data 589-INFO:备案序号数据更新成功2620
2019-10-22 11:00:30-NemsSpider.nems_join- update_data 589-INFO:备案序号数据更新成功2620
2019-10-22 11:00:30-NemsSpider.nems_join- update_data 589-INFO:备案序号数据更新成功2620
2019-10-22 11:00:30-NemsSpider.nems_join- update_data 589-INFO:备案序号数据更新成功2620
2019-10-22 11:00:31-NemsSpider.nems_join- update_data 589-INFO:备案序号数据更新成功2620
2019-10-22 11:00:31-NemsSpider.nems_join- update_data 589-INFO:备案序号数据更新成功2620
2019-10-22 11:00:31-NemsSpider.nems_join- update_data 589-INFO:备案序号数据更新成功2620
2019-10-22 11:00:31-NemsSpider.pipelines- handler_dec 337-INFO:jibao-已新增报关单数据E20190000319890419
2019-10-22 11:00:31-NemsSpider.nems_join- update_data 589-INFO:备案序号数据更新成功2620
2019-10-22 11:00:31-NemsSpider.nems_join- update_data 589-INFO:备案序号数据更新成功2620
2019-10-22 11:00:31-NemsSpider.pipelines- handler_dec 323-WARNING:jibao-已跳过报关单数据E20190000319807817
2019-10-22 11:00:31-NemsSpider.nems_join- update_data 589-INFO:备案序号数据更新成功3202
2019-10-22 11:00:31-NemsSpider.nems_join- update_data 589-INFO:备案序号数据更新成功2620
2019-10-22 11:00:31-NemsSpider.nems_join- update_data 589-INFO:备案序号数据更新成功2620
2019-10-22 11:00:31-NemsSpider.nems_join- update_data 589-INFO:备案序号数据更新成功2620
2019-10-22 11:00:31-NemsSpider.pipelines- handler_dec 323-WARNING:jibao-已跳过报关单数据E20190000319968261
2019-10-22 11:00:32-NemsSpider.nems_join- update_data 589-INFO:备案序号数据更新成功2620
2019-10-22 11:00:32-NemsSpider.nems_join- update_data 589-INFO:备案序号数据更新成功4080
2019-10-22 11:00:32-NemsSpider.nems_join- update_data 589-INFO:备案序号数据更新成功4080
2019-10-22 11:00:32-NemsSpider.pipelines- handler_dec 323-WARNING:jibao-已跳过报关单数据E20190000319805877
2019-10-22 11:00:32-NemsSpider.nems_join- update_data 589-INFO:备案序号数据更新成功2620
2019-10-22 11:00:32-NemsSpider.nems_join- update_data 589-INFO:备案序号数据更新成功2620
2019-10-22 11:00:32-NemsSpider.pipelines- handler_dec 323-WARNING:jibao-已跳过报关单数据E20190000319811479
2019-10-22 11:00:32-NemsSpider.pipelines- handler_dec 323-WARNING:jibao-已跳过报关单数据E20190000319949571
2019-10-22 11:00:33-NemsSpider.pipelines- handler_nems 154-INFO:已创建核注清单数据201900000012510868
2019-10-22 11:00:33-NemsSpider.pipelines- handler_dec 323-WARNING:jibao-已跳过报关单数据E20190000319947735
2019-10-22 11:00:33-NemsSpider.pipelines- handler_dec 323-WARNING:jibao-已跳过报关单数据E20190000319807949
2019-10-22 11:00:33-NemsSpider.nems_join- update_data 589-INFO:备案序号数据更新成功2620
2019-10-22 11:00:34-NemsSpider.pipelines- handler_dec 323-WARNING:jibao-已跳过报关单数据E20190000319937551
2019-10-22 11:00:34-NemsSpider.nems_join- update_data 589-INFO:备案序号数据更新成功2620
2019-10-22 11:00:34-NemsSpider.nems_join- update_data 589-INFO:备案序号数据更新成功2620
2019-10-22 11:00:34-NemsSpider.nems_join- update_data 589-INFO:备案序号数据更新成功2620
2019-10-22 11:00:34-NemsSpider.nems_join- update_data 589-INFO:备案序号数据更新成功2620
2019-10-22 11:00:34-NemsSpider.nems_join- update_data 589-INFO:备案序号数据更新成功2620
2019-10-22 11:00:34-NemsSpider.pipelines- handler_dec 323-WARNING:jibao-已跳过报关单数据E20190000319975185
2019-10-22 11:00:34-NemsSpider.nems_join- update_data 589-INFO:备案序号数据更新成功2620
2019-10-22 11:00:34-NemsSpider.pipelines- handler_nems 154-INFO:已创建核注清单数据201900000012510865
2019-10-22 11:00:34-NemsSpider.pipelines- handler_dec 333-INFO:jibao-已更新报关单数据I20190000319709743
2019-10-22 11:00:35-NemsSpider.pipelines- handler_dec 337-INFO:jibao-已新增报关单数据E20190000319473769
2019-10-22 11:00:35-NemsSpider.nems_join- insert_data 603-INFO:备案序号数据添加成功None
2019-10-22 11:00:35-NemsSpider.pipelines- handler_nems 154-INFO:已创建核注清单数据201900000012510058
2019-10-22 11:00:35-NemsSpider.pipelines- handler_dec 323-WARNING:jibao-已跳过报关单数据E20190000319974755
2019-10-22 11:00:36-NemsSpider.pipelines- handler_dec 323-WARNING:jibao-已跳过报关单数据E20190000319806527
2019-10-22 11:00:36-NemsSpider.nems_join- update_data 589-INFO:备案序号数据更新成功4049
2019-10-22 11:00:36-NemsSpider.pipelines- handler_nems 154-INFO:已创建核注清单数据201900000012509463
2019-10-22 11:00:36-NemsSpider.pipelines- handler_dec 337-INFO:jibao-已新增报关单数据E20190000319175133
2019-10-22 11:00:36-NemsSpider.pipelines- handler_dec 323-WARNING:jibao-已跳过报关单数据I20190000319807601
2019-10-22 11:00:36-NemsSpider.nems_join- update_data 589-INFO:备案序号数据更新成功4604
2019-10-22 11:00:37-NemsSpider.pipelines- handler_nems 154-INFO:已创建核注清单数据201900000012507083
2019-10-22 11:00:37-NemsSpider.pipelines- handler_dec 323-WARNING:jibao-已跳过报关单数据E20190000319846853
2019-10-22 11:00:37-NemsSpider.pipelines- handler_dec 323-WARNING:jibao-已跳过报关单数据E20190000319968139
2019-10-22 11:00:37-NemsSpider.nems_join- updata_list_data 231-INFO:表体数据库存更新成功None,2726
2019-10-22 11:00:37-NemsSpider.nems_join- updata_data 244-INFO:备案序号数据更新成功137838,2726
2019-10-22 11:00:37-NemsSpider.nems_join- updata_list_data 231-INFO:表体数据库存更新成功None,2726
2019-10-22 11:00:37-NemsSpider.nems_join- updata_data 244-INFO:备案序号数据更新成功137838,2726
2019-10-22 11:00:37-NemsSpider.pipelines- handler_dec 323-WARNING:jibao-已跳过报关单数据I20190000319808211
2019-10-22 11:00:38-NemsSpider.pipelines- handler_nems 140-INFO:已更新核注清单数据201900000012500149
2019-10-22 11:00:38-NemsSpider.pipelines- handler_dec 323-WARNING:jibao-已跳过报关单数据I20190000319712773
2019-10-22 11:00:38-NemsSpider.pipelines- handler_dec 323-WARNING:jibao-已跳过报关单数据E20190000319808645
2019-10-22 11:00:38-NemsSpider.nems_join- updata_list_data 231-INFO:表体数据库存更新成功None,2677
2019-10-22 11:00:39-NemsSpider.nems_join- updata_data 244-INFO:备案序号数据更新成功137839,2677
2019-10-22 11:00:39-NemsSpider.nems_join- updata_list_data 231-INFO:表体数据库存更新成功None,2677
2019-10-22 11:00:39-NemsSpider.nems_join- updata_data 244-INFO:备案序号数据更新成功137839,2677
2019-10-22 11:00:39-NemsSpider.nems_join- updata_list_data 231-INFO:表体数据库存更新成功None,2756
2019-10-22 11:00:39-NemsSpider.nems_join- updata_data 244-INFO:备案序号数据更新成功137839,2756
2019-10-22 11:00:39-NemsSpider.pipelines- handler_dec 323-WARNING:jibao-已跳过报关单数据I20190000319809331
2019-10-22 11:00:39-NemsSpider.nems_join- updata_list_data 231-INFO:表体数据库存更新成功None,2677
2019-10-22 11:00:39-NemsSpider.nems_join- updata_data 244-INFO:备案序号数据更新成功137839,2677
2019-10-22 11:00:39-NemsSpider.nems_join- updata_list_data 231-INFO:表体数据库存更新成功None,2677
2019-10-22 11:00:39-NemsSpider.nems_join- updata_data 244-INFO:备案序号数据更新成功137839,2677
2019-10-22 11:00:39-NemsSpider.nems_join- updata_list_data 231-INFO:表体数据库存更新成功None,2677
2019-10-22 11:00:39-NemsSpider.nems_join- updata_data 244-INFO:备案序号数据更新成功137839,2677
2019-10-22 11:00:39-NemsSpider.nems_join- updata_list_data 231-INFO:表体数据库存更新成功None,2677
2019-10-22 11:00:39-NemsSpider.nems_join- updata_data 244-INFO:备案序号数据更新成功137839,2677
2019-10-22 11:00:39-NemsSpider.nems_join- updata_list_data 231-INFO:表体数据库存更新成功None,2677
2019-10-22 11:00:39-NemsSpider.nems_join- updata_data 244-INFO:备案序号数据更新成功137839,2677
2019-10-22 11:00:39-NemsSpider.pipelines- handler_dec 323-WARNING:jibao-已跳过报关单数据E20190000319963301
2019-10-22 11:00:39-NemsSpider.nems_join- updata_list_data 231-INFO:表体数据库存更新成功None,2677
2019-10-22 11:00:40-NemsSpider.nems_join- updata_data 244-INFO:备案序号数据更新成功137839,2677
2019-10-22 11:00:40-NemsSpider.nems_join- updata_list_data 231-INFO:表体数据库存更新成功None,2677
2019-10-22 11:00:40-NemsSpider.nems_join- updata_data 244-INFO:备案序号数据更新成功137839,2677
2019-10-22 11:00:40-NemsSpider.nems_join- updata_list_data 231-INFO:表体数据库存更新成功None,2677
2019-10-22 11:00:40-NemsSpider.pipelines- handler_dec 323-WARNING:jibao-已跳过报关单数据I20190000319846801
2019-10-22 11:00:40-NemsSpider.nems_join- updata_data 244-INFO:备案序号数据更新成功137839,2677
2019-10-22 11:00:40-NemsSpider.nems_join- updata_list_data 231-INFO:表体数据库存更新成功None,2677
2019-10-22 11:00:40-NemsSpider.nems_join- updata_data 244-INFO:备案序号数据更新成功137839,2677
2019-10-22 11:00:40-NemsSpider.nems_join- updata_list_data 231-INFO:表体数据库存更新成功None,2677
2019-10-22 11:00:40-NemsSpider.nems_join- updata_data 244-INFO:备案序号数据更新成功137839,2677
2019-10-22 11:00:40-NemsSpider.nems_join- updata_list_data 231-INFO:表体数据库存更新成功None,2677
2019-10-22 11:00:40-NemsSpider.nems_join- updata_data 244-INFO:备案序号数据更新成功137839,2677
2019-10-22 11:00:40-NemsSpider.nems_join- updata_list_data 231-INFO:表体数据库存更新成功None,2677
2019-10-22 11:00:40-NemsSpider.nems_join- updata_data 244-INFO:备案序号数据更新成功137839,2677
2019-10-22 11:00:41-NemsSpider.nems_join- updata_list_data 231-INFO:表体数据库存更新成功None,2677
2019-10-22 11:00:41-NemsSpider.nems_join- updata_data 244-INFO:备案序号数据更新成功137839,2677
2019-10-22 11:00:41-NemsSpider.pipelines- handler_dec 323-WARNING:jibao-已跳过报关单数据E20190000319965435
2019-10-22 11:00:41-NemsSpider.nems_join- updata_list_data 231-INFO:表体数据库存更新成功None,2677
2019-10-22 11:00:41-NemsSpider.nems_join- updata_data 244-INFO:备案序号数据更新成功137839,2677
2019-10-22 11:00:41-NemsSpider.nems_join- updata_list_data 231-INFO:表体数据库存更新成功None,2677
2019-10-22 11:00:41-NemsSpider.nems_join- updata_data 244-INFO:备案序号数据更新成功137839,2677
2019-10-22 11:00:41-NemsSpider.nems_join- updata_list_data 231-INFO:表体数据库存更新成功None,2677
2019-10-22 11:00:41-NemsSpider.nems_join- updata_data 244-INFO:备案序号数据更新成功137839,2677
2019-10-22 11:00:41-NemsSpider.pipelines- handler_dec 333-INFO:jibao-已更新报关单数据I20190000319410415
2019-10-22 11:00:41-NemsSpider.nems_join- updata_list_data 231-INFO:表体数据库存更新成功None,2677
2019-10-22 11:00:41-NemsSpider.nems_join- updata_data 244-INFO:备案序号数据更新成功137839,2677
2019-10-22 11:00:41-NemsSpider.nems_join- updata_list_data 231-INFO:表体数据库存更新成功None,2677
2019-10-22 11:00:41-NemsSpider.nems_join- updata_data 244-INFO:备案序号数据更新成功137839,2677
2019-10-22 11:00:41-NemsSpider.pipelines- handler_nems 140-INFO:已更新核注清单数据201900000012498830
2019-10-22 11:00:42-NemsSpider.pipelines- handler_dec 323-WARNING:jibao-已跳过报关单数据E20190000319966361
2019-10-22 11:00:42-NemsSpider.pipelines- handler_dec 323-WARNING:jibao-已跳过报关单数据I20190000319812751
2019-10-22 11:00:42-NemsSpider.nems_join- get_sql_data 451-ERROR:走的其他条件逻辑CR_9,0
2019-10-22 11:00:42-NemsSpider.pipelines- handler_nems 154-INFO:已创建核注清单数据201900000012510057
2019-10-22 11:00:42-NemsSpider.pipelines- handler_dec 323-WARNING:jibao-已跳过报关单数据E20190000319998431
2019-10-22 11:00:43-NemsSpider.pipelines- handler_dec 323-WARNING:jibao-已跳过报关单数据I20190000319850935
2019-10-22 11:00:43-NemsSpider.nems_join- get_sql_data 451-ERROR:走的其他条件逻辑CR_9,0
2019-10-22 11:00:43-NemsSpider.pipelines- handler_nems 154-INFO:已创建核注清单数据201900000012509103
2019-10-22 11:00:43-NemsSpider.pipelines- handler_dec 323-WARNING:jibao-已跳过报关单数据E20190000319994817
2019-10-22 11:00:43-NemsSpider.nems_join- get_sql_data 451-ERROR:走的其他条件逻辑CR_9,0
2019-10-22 11:00:43-NemsSpider.pipelines- handler_dec 323-WARNING:jibao-已跳过报关单数据E20190000319993871
2019-10-22 11:00:44-NemsSpider.pipelines- handler_nems 154-INFO:已创建核注清单数据201900000012508462
2019-10-22 11:00:44-NemsSpider.pipelines- handler_dec 323-WARNING:jibao-已跳过报关单数据I20190000319831263
2019-10-22 11:00:44-NemsSpider.pipelines- handler_dec 337-INFO:jibao-已新增报关单数据I20190000319802897
2019-10-22 11:00:44-NemsSpider.nems_join- get_sql_data 451-ERROR:走的其他条件逻辑CR_9,0
2019-10-22 11:00:44-NemsSpider.pipelines- handler_dec 323-WARNING:jibao-已跳过报关单数据E20190000319992467
2019-10-22 11:00:45-NemsSpider.pipelines- handler_nems 154-INFO:已创建核注清单数据201900000012508248
2019-10-22 11:00:45-NemsSpider.pipelines- handler_dec 323-WARNING:jibao-已跳过报关单数据I20190000319669517
2019-10-22 11:00:45-NemsSpider.nems_join- get_sql_data 451-ERROR:走的其他条件逻辑CR_9,0
2019-10-22 11:00:45-NemsSpider.pipelines- handler_nems 154-INFO:已创建核注清单数据201900000012507949
2019-10-22 11:00:45-NemsSpider.pipelines- handler_dec 333-INFO:jibao-已更新报关单数据I20190000319818463
2019-10-22 11:00:46-NemsSpider.pipelines- handler_dec 333-INFO:jibao-已更新报关单数据I20190000319816219
2019-10-22 11:00:46-NemsSpider.nems_join- get_sql_data 451-ERROR:走的其他条件逻辑CR_9,0
2019-10-22 11:00:46-NemsSpider.pipelines- handler_nems 154-INFO:已创建核注清单数据201900000012507855
2019-10-22 11:00:46-NemsSpider.pipelines- handler_dec 333-INFO:jibao-已更新报关单数据I20190000319615547
2019-10-22 11:00:46-NemsSpider.pipelines- handler_dec 323-WARNING:jibao-已跳过报关单数据I20190000319892273
2019-10-22 11:00:46-NemsSpider.nems_join- update_data 589-INFO:备案序号数据更新成功3626
2019-10-22 11:00:46-NemsSpider.pipelines- handler_dec 323-WARNING:jibao-已跳过报关单数据I20190000319903749
2019-10-22 11:00:47-NemsSpider.pipelines- handler_nems 154-INFO:已创建核注清单数据201900000012507127
2019-10-22 11:00:47-NemsSpider.nems_join- get_sql_data 451-ERROR:走的其他条件逻辑CR_9,0
2019-10-22 11:00:47-NemsSpider.pipelines- handler_dec 337-INFO:jibao-已新增报关单数据I20190000319517867
2019-10-22 11:00:47-NemsSpider.pipelines- handler_nems 154-INFO:已创建核注清单数据201900000012505834
2019-10-22 11:00:48-NemsSpider.pipelines- handler_dec 337-INFO:jibao-已新增报关单数据I20190000319518475
2019-10-22 11:00:48-NemsSpider.nems_join- get_sql_data 66-ERROR:走的其他条件逻辑CR_9,0,CR_9,0
2019-10-22 11:00:48-NemsSpider.pipelines- handler_nems 140-INFO:已更新核注清单数据201900000012501300
2019-10-22 11:00:48-NemsSpider.pipelines- handler_dec 337-INFO:jibao-已新增报关单数据I20190000319519103
2019-10-22 11:00:48-NemsSpider.nems_join- get_sql_data 451-ERROR:走的其他条件逻辑CR_9,0
2019-10-22 11:00:49-NemsSpider.pipelines- handler_nems 154-INFO:已创建核注清单数据201900000012500698
2019-10-22 11:00:49-NemsSpider.pipelines- handler_dec 337-INFO:jibao-已新增报关单数据I20190000319520247
2019-10-22 11:00:49-NemsSpider.nems_join- get_sql_data 66-ERROR:走的其他条件逻辑CR_9,0,CR_9,0
2019-10-22 11:00:49-NemsSpider.pipelines- handler_nems 140-INFO:已更新核注清单数据201900000012500324
2019-10-22 11:00:50-NemsSpider.pipelines- handler_dec 337-INFO:jibao-已新增报关单数据I20190000319521443
2019-10-22 11:00:50-NemsSpider.nems_join- get_sql_data 66-ERROR:走的其他条件逻辑CR_9,0,CR_9,0
2019-10-22 11:00:50-NemsSpider.pipelines- handler_nems 140-INFO:已更新核注清单数据201900000012500323
2019-10-22 11:00:50-NemsSpider.pipelines- handler_dec 337-INFO:jibao-已新增报关单数据I20190000319531059
2019-10-22 11:00:50-NemsSpider.pipelines- handler_dec 337-INFO:jibao-已新增报关单数据I20190000319511025
2019-10-22 11:00:51-NemsSpider.nems_join- updata_list_data 231-INFO:表体数据库存更新成功None,2539
2019-10-22 11:00:51-NemsSpider.nems_join- updata_data 244-INFO:备案序号数据更新成功137842,2539
2019-10-22 11:00:51-NemsSpider.nems_join- updata_list_data 231-INFO:表体数据库存更新成功None,2539
2019-10-22 11:00:51-NemsSpider.nems_join- updata_data 244-INFO:备案序号数据更新成功137842,2539
2019-10-22 11:00:51-NemsSpider.nems_join- updata_list_data 231-INFO:表体数据库存更新成功None,2539
2019-10-22 11:00:51-NemsSpider.pipelines- handler_dec 337-INFO:jibao-已新增报关单数据I20190000319879025
2019-10-22 11:00:51-NemsSpider.nems_join- updata_data 244-INFO:备案序号数据更新成功137842,2539
2019-10-22 11:00:51-NemsSpider.nems_join- updata_list_data 231-INFO:表体数据库存更新成功None,2539
2019-10-22 11:00:51-NemsSpider.nems_join- updata_data 244-INFO:备案序号数据更新成功137842,2539
2019-10-22 11:00:51-NemsSpider.pipelines- handler_nems 140-INFO:已更新核注清单数据201900000012500320
2019-10-22 11:00:51-NemsSpider.pipelines- handler_dec 337-INFO:jibao-已新增报关单数据I20190000319878461
2019-10-22 11:00:52-NemsSpider.pipelines- handler_dec 337-INFO:jibao-已新增报关单数据I20190000319877957
2019-10-22 11:00:52-NemsSpider.nems_join- get_sql_data 66-ERROR:走的其他条件逻辑CR_9,0,CR_9,0
2019-10-22 11:00:52-NemsSpider.pipelines- handler_nems 140-INFO:已更新核注清单数据201900000012500318
2019-10-22 11:00:52-NemsSpider.pipelines- handler_dec 337-INFO:jibao-已新增报关单数据I20190000319877921
2019-10-22 11:00:52-NemsSpider.pipelines- handler_dec 337-INFO:jibao-已新增报关单数据I20190000319514527
2019-10-22 11:00:53-NemsSpider.pipelines- handler_dec 323-WARNING:jibao-已跳过报关单数据I20190000319941257
2019-10-22 11:00:53-NemsSpider.nems_join- updata_list_data 231-INFO:表体数据库存更新成功None,3804
2019-10-22 11:00:53-NemsSpider.nems_join- updata_data 244-INFO:备案序号数据更新成功137837,3804
2019-10-22 11:00:53-NemsSpider.nems_join- updata_list_data 231-INFO:表体数据库存更新成功None,3736
2019-10-22 11:00:53-NemsSpider.nems_join- updata_data 244-INFO:备案序号数据更新成功137837,3736
2019-10-22 11:00:53-NemsSpider.pipelines- handler_dec 337-INFO:jibao-已新增报关单数据I20190000319517013
2019-10-22 11:00:53-NemsSpider.nems_join- updata_list_data 231-INFO:表体数据库存更新成功None,2912
2019-10-22 11:00:53-NemsSpider.nems_join- updata_data 244-INFO:备案序号数据更新成功137837,2912
2019-10-22 11:00:53-NemsSpider.pipelines- handler_nems 140-INFO:已更新核注清单数据201900000012500277
2019-10-22 11:00:53-NemsSpider.pipelines- handler_dec 337-INFO:jibao-已新增报关单数据I20190000319857345
2019-10-22 11:00:54-NemsSpider.nems_join- get_sql_data 451-ERROR:走的其他条件逻辑CR_9,0
2019-10-22 11:00:54-NemsSpider.pipelines- handler_dec 337-INFO:jibao-已新增报关单数据I20190000319517745
2019-10-22 11:00:54-NemsSpider.pipelines- handler_nems 154-INFO:已创建核注清单数据201900000012499819
2019-10-22 11:00:54-NemsSpider.pipelines- handler_dec 337-INFO:jibao-已新增报关单数据I20190000319850247
2019-10-22 11:00:55-NemsSpider.nems_join- updata_list_data 231-INFO:表体数据库存更新成功None,3626
2019-10-22 11:00:55-NemsSpider.pipelines- handler_dec 337-INFO:jibao-已新增报关单数据I20190000319521189
2019-10-22 11:00:55-NemsSpider.nems_join- updata_data 244-INFO:备案序号数据更新成功137844,3626
2019-10-22 11:00:55-NemsSpider.pipelines- handler_nems 140-INFO:已更新核注清单数据201900000012496577
2019-10-22 11:00:55-NemsSpider.pipelines- handler_dec 337-INFO:jibao-已新增报关单数据I20190000319062135
2019-10-22 11:00:56-NemsSpider.pipelines- handler_dec 337-INFO:jibao-已新增报关单数据I20190000319847653
2019-10-22 11:00:56-NemsSpider.nems_join- updata_list_data 231-INFO:表体数据库存更新成功None,2379
2019-10-22 11:00:56-NemsSpider.nems_join- updata_data 244-INFO:备案序号数据更新成功137835,2379
2019-10-22 11:00:56-NemsSpider.pipelines- handler_nems 140-INFO:已更新核注清单数据201900000012494399
2019-10-22 11:00:56-NemsSpider.pipelines- handler_dec 337-INFO:jibao-已新增报关单数据I20190000319522155
2019-10-22 11:00:56-NemsSpider.pipelines- handler_dec 337-INFO:jibao-已新增报关单数据I20190000319524101
2019-10-22 11:00:56-NemsSpider.nems_join- updata_list_data 231-INFO:表体数据库存更新成功None,2379
2019-10-22 11:00:57-NemsSpider.nems_join- updata_data 244-INFO:备案序号数据更新成功137834,2379
2019-10-22 11:00:57-NemsSpider.pipelines- handler_nems 140-INFO:已更新核注清单数据201900000012493187
2019-10-22 11:00:57-NemsSpider.pipelines- handler_dec 337-INFO:jibao-已新增报关单数据I20190000319529409
2019-10-22 11:00:58-NemsSpider.pipelines- handler_dec 337-INFO:jibao-已新增报关单数据I20190000319533949
2019-10-22 11:00:58-NemsSpider.pipelines- handler_dec 337-INFO:jibao-已新增报关单数据I20190000319453681
2019-10-22 11:00:59-NemsSpider.pipelines- handler_dec 323-WARNING:jibao-已跳过报关单数据I20190000319490499
2019-10-22 11:00:59-NemsSpider.nems_join- get_sql_data 451-ERROR:走的其他条件逻辑CR_9,0
2019-10-22 11:00:59-NemsSpider.pipelines- handler_dec 337-INFO:jibao-已新增报关单数据I20190000319853433
2019-10-22 11:00:59-NemsSpider.pipelines- handler_dec 323-WARNING:jibao-已跳过报关单数据I20190000319806673
2019-10-22 11:01:01-NemsSpider.pipelines- handler_nems 154-INFO:已创建核注清单数据201900000012513609
2019-10-22 11:01:01-NemsSpider.pipelines- handler_dec 337-INFO:jibao-已新增报关单数据I20190000319812143
2019-10-22 11:01:01-NemsSpider.nems_join- update_data 589-INFO:备案序号数据更新成功2354
2019-10-22 11:01:01-NemsSpider.nems_join- update_data 589-INFO:备案序号数据更新成功2354
2019-10-22 11:01:01-NemsSpider.pipelines- handler_dec 337-INFO:jibao-已新增报关单数据I20190000319855367
2019-10-22 11:01:01-NemsSpider.nems_join- update_data 589-INFO:备案序号数据更新成功2354
2019-10-22 11:01:02-NemsSpider.nems_join- update_data 589-INFO:备案序号数据更新成功2354
2019-10-22 11:01:02-NemsSpider.nems_join- update_data 589-INFO:备案序号数据更新成功2354
2019-10-22 11:01:02-NemsSpider.nems_join- update_data 589-INFO:备案序号数据更新成功2354
2019-10-22 11:01:02-NemsSpider.nems_join- update_data 589-INFO:备案序号数据更新成功2354
2019-10-22 11:01:02-NemsSpider.pipelines- handler_dec 337-INFO:jibao-已新增报关单数据I20190000319812785
2019-10-22 11:01:02-NemsSpider.nems_join- update_data 589-INFO:备案序号数据更新成功2375
2019-10-22 11:01:02-NemsSpider.nems_join- update_data 589-INFO:备案序号数据更新成功2375
2019-10-22 11:01:02-NemsSpider.nems_join- update_data 589-INFO:备案序号数据更新成功2375
2019-10-22 11:01:02-NemsSpider.nems_join- update_data 589-INFO:备案序号数据更新成功2375
2019-10-22 11:01:02-NemsSpider.pipelines- handler_dec 337-INFO:jibao-已新增报关单数据I20190000319616047
2019-10-22 11:01:02-NemsSpider.nems_join- update_data 589-INFO:备案序号数据更新成功2375
2019-10-22 11:01:02-NemsSpider.nems_join- update_data 589-INFO:备案序号数据更新成功2373
2019-10-22 11:01:03-NemsSpider.nems_join- update_data 589-INFO:备案序号数据更新成功2373
2019-10-22 11:01:03-NemsSpider.nems_join- update_data 589-INFO:备案序号数据更新成功2373
2019-10-22 11:01:03-NemsSpider.pipelines- handler_dec 337-INFO:jibao-已新增报关单数据I20190000319814137
2019-10-22 11:01:03-NemsSpider.nems_join- update_data 589-INFO:备案序号数据更新成功2410
2019-10-22 11:01:03-NemsSpider.nems_join- update_data 589-INFO:备案序号数据更新成功2410
2019-10-22 11:01:03-NemsSpider.pipelines- handler_nems 154-INFO:已创建核注清单数据201900000012509992
2019-10-22 11:01:03-NemsSpider.pipelines- handler_dec 337-INFO:jibao-已新增报关单数据I20190000319815889
2019-10-22 11:01:04-NemsSpider.pipelines- handler_dec 323-WARNING:jibao-已跳过报关单数据I20190000319943003
2019-10-22 11:01:04-NemsSpider.pipelines- handler_dec 337-INFO:jibao-已新增报关单数据I20190000319815049
2019-10-22 11:01:05-NemsSpider.pipelines- handler_dec 337-INFO:jibao-已新增报关单数据I20190000319813743
2019-10-22 11:01:05-NemsSpider.nems_join- update_data 589-INFO:备案序号数据更新成功2357
2019-10-22 11:01:05-NemsSpider.nems_join- update_data 589-INFO:备案序号数据更新成功2357
2019-10-22 11:01:05-NemsSpider.nems_join- update_data 589-INFO:备案序号数据更新成功2357
2019-10-22 11:01:05-NemsSpider.nems_join- update_data 589-INFO:备案序号数据更新成功2355
2019-10-22 11:01:05-NemsSpider.nems_join- update_data 589-INFO:备案序号数据更新成功2355
2019-10-22 11:01:05-NemsSpider.nems_join- update_data 589-INFO:备案序号数据更新成功2355
2019-10-22 11:01:05-NemsSpider.nems_join- update_data 589-INFO:备案序号数据更新成功2355
2019-10-22 11:01:05-NemsSpider.nems_join- update_data 589-INFO:备案序号数据更新成功2355
2019-10-22 11:01:06-NemsSpider.pipelines- handler_dec 337-INFO:jibao-已新增报关单数据I20190000319803701
2019-10-22 11:01:06-NemsSpider.nems_join- update_data 589-INFO:备案序号数据更新成功2356
2019-10-22 11:01:06-NemsSpider.nems_join- update_data 589-INFO:备案序号数据更新成功2356
2019-10-22 11:01:06-NemsSpider.nems_join- update_data 589-INFO:备案序号数据更新成功2356
2019-10-22 11:01:06-NemsSpider.nems_join- update_data 589-INFO:备案序号数据更新成功2356
2019-10-22 11:01:06-NemsSpider.nems_join- update_data 589-INFO:备案序号数据更新成功2356
2019-10-22 11:01:06-NemsSpider.pipelines- handler_dec 337-INFO:jibao-已新增报关单数据I20190000319929711
2019-10-22 11:01:06-NemsSpider.nems_join- update_data 589-INFO:备案序号数据更新成功2356
2019-10-22 11:01:06-NemsSpider.nems_join- update_data 589-INFO:备案序号数据更新成功2353
2019-10-22 11:01:06-NemsSpider.nems_join- update_data 589-INFO:备案序号数据更新成功2353
2019-10-22 11:01:06-NemsSpider.nems_join- update_data 589-INFO:备案序号数据更新成功2353
2019-10-22 11:01:06-NemsSpider.pipelines- handler_dec 337-INFO:jibao-已新增报关单数据I20190000319816681
2019-10-22 11:01:06-NemsSpider.nems_join- update_data 589-INFO:备案序号数据更新成功2353
2019-10-22 11:01:06-NemsSpider.nems_join- update_data 589-INFO:备案序号数据更新成功2353
2019-10-22 11:01:07-NemsSpider.nems_join- update_data 589-INFO:备案序号数据更新成功2354
2019-10-22 11:01:07-NemsSpider.nems_join- update_data 589-INFO:备案序号数据更新成功2354
2019-10-22 11:01:07-NemsSpider.pipelines- handler_dec 337-INFO:jibao-已新增报关单数据I20190000319930897
2019-10-22 11:01:07-NemsSpider.nems_join- update_data 589-INFO:备案序号数据更新成功2354
2019-10-22 11:01:07-NemsSpider.nems_join- update_data 589-INFO:备案序号数据更新成功2354
2019-10-22 11:01:07-NemsSpider.nems_join- update_data 589-INFO:备案序号数据更新成功2354
2019-10-22 11:01:07-NemsSpider.nems_join- update_data 589-INFO:备案序号数据更新成功2354
2019-10-22 11:01:07-NemsSpider.nems_join- update_data 589-INFO:备案序号数据更新成功2354
2019-10-22 11:01:07-NemsSpider.nems_join- update_data 589-INFO:备案序号数据更新成功2354
2019-10-22 11:01:07-NemsSpider.nems_join- update_data 589-INFO:备案序号数据更新成功2354
2019-10-22 11:01:07-NemsSpider.nems_join- update_data 589-INFO:备案序号数据更新成功2354
2019-10-22 11:01:08-NemsSpider.nems_join- update_data 589-INFO:备案序号数据更新成功2354
2019-10-22 11:01:08-NemsSpider.nems_join- update_data 589-INFO:备案序号数据更新成功2354
2019-10-22 11:01:08-NemsSpider.nems_join- update_data 589-INFO:备案序号数据更新成功2354
2019-10-22 11:01:08-NemsSpider.nems_join- update_data 589-INFO:备案序号数据更新成功2354
2019-10-22 11:01:08-NemsSpider.nems_join- update_data 589-INFO:备案序号数据更新成功2354
2019-10-22 11:01:08-NemsSpider.nems_join- update_data 589-INFO:备案序号数据更新成功2354
2019-10-22 11:01:08-NemsSpider.nems_join- update_data 589-INFO:备案序号数据更新成功2354
2019-10-22 11:01:08-NemsSpider.nems_join- update_data 589-INFO:备案序号数据更新成功2354
2019-10-22 11:01:08-NemsSpider.pipelines- handler_dec 337-INFO:jibao-已新增报关单数据I20190000319816843
2019-10-22 11:01:08-NemsSpider.nems_join- update_data 589-INFO:备案序号数据更新成功2354
2019-10-22 11:01:09-NemsSpider.nems_join- update_data 589-INFO:备案序号数据更新成功2354
2019-10-22 11:01:09-NemsSpider.nems_join- update_data 589-INFO:备案序号数据更新成功2354
2019-10-22 11:01:09-NemsSpider.nems_join- update_data 589-INFO:备案序号数据更新成功2354
2019-10-22 11:01:09-NemsSpider.nems_join- update_data 589-INFO:备案序号数据更新成功2354
2019-10-22 11:01:09-NemsSpider.pipelines- handler_dec 337-INFO:jibao-已新增报关单数据I20190000319813149
2019-10-22 11:01:09-NemsSpider.nems_join- update_data 589-INFO:备案序号数据更新成功2354
2019-10-22 11:01:09-NemsSpider.nems_join- update_data 589-INFO:备案序号数据更新成功2354
2019-10-22 11:01:09-NemsSpider.spiders.dec- parse 83-WARNING:2019-10-22-2019-10-22:应该获取的总数：3条 实际获取的总数：3条
2019-10-22 11:01:09-NemsSpider.nems_join- update_data 589-INFO:备案序号数据更新成功2354
2019-10-22 11:01:09-NemsSpider.nems_join- update_data 589-INFO:备案序号数据更新成功2354
2019-10-22 11:01:09-NemsSpider.spiders.dec- parse 83-WARNING:2019-10-22-2019-10-22:应该获取的总数：18条 实际获取的总数：18条
2019-10-22 11:01:09-NemsSpider.nems_join- update_data 589-INFO:备案序号数据更新成功2354
2019-10-22 11:01:09-NemsSpider.nems_join- update_data 589-INFO:备案序号数据更新成功2354
2019-10-22 11:01:09-NemsSpider.nems_join- update_data 589-INFO:备案序号数据更新成功2354
2019-10-22 11:01:10-NemsSpider.nems_join- update_data 589-INFO:备案序号数据更新成功2354
2019-10-22 11:01:10-NemsSpider.pipelines- handler_dec 323-WARNING:jibao-已跳过报关单数据I20190000319558999
2019-10-22 11:01:11-NemsSpider.pipelines- handler_dec 333-INFO:jibao-已更新报关单数据E20190000319464885
2019-10-22 11:01:11-NemsSpider.pipelines- handler_nems 154-INFO:已创建核注清单数据201900000012509910
2019-10-22 11:01:11-NemsSpider.pipelines- handler_dec 333-INFO:jibao-已更新报关单数据E20190000319460071
2019-10-22 11:01:12-NemsSpider.pipelines- handler_dec 323-WARNING:jibao-已跳过报关单数据E20190000319814163
2019-10-22 11:01:12-NemsSpider.nems_join- update_data 589-INFO:备案序号数据更新成功2314
2019-10-22 11:01:12-NemsSpider.nems_join- update_data 589-INFO:备案序号数据更新成功2314
2019-10-22 11:01:12-NemsSpider.nems_join- update_data 589-INFO:备案序号数据更新成功2314
2019-10-22 11:01:12-NemsSpider.pipelines- handler_dec 323-WARNING:jibao-已跳过报关单数据E20190000319815821
2019-10-22 11:01:12-NemsSpider.nems_join- update_data 589-INFO:备案序号数据更新成功2314
2019-10-22 11:01:12-NemsSpider.nems_join- update_data 589-INFO:备案序号数据更新成功2314
2019-10-22 11:01:12-NemsSpider.pipelines- handler_dec 323-WARNING:jibao-已跳过报关单数据E20190000319810581
2019-10-22 11:01:12-NemsSpider.nems_join- update_data 589-INFO:备案序号数据更新成功2314
2019-10-22 11:01:13-NemsSpider.nems_join- update_data 589-INFO:备案序号数据更新成功2314
2019-10-22 11:01:13-NemsSpider.nems_join- update_data 589-INFO:备案序号数据更新成功2314
2019-10-22 11:01:13-NemsSpider.pipelines- handler_dec 323-WARNING:jibao-已跳过报关单数据E20190000319810603
2019-10-22 11:01:13-NemsSpider.nems_join- update_data 589-INFO:备案序号数据更新成功2314
2019-10-22 11:01:13-NemsSpider.nems_join- update_data 589-INFO:备案序号数据更新成功2314
2019-10-22 11:01:13-NemsSpider.pipelines- handler_dec 323-WARNING:jibao-已跳过报关单数据E20190000319810619
2019-10-22 11:01:13-NemsSpider.nems_join- update_data 589-INFO:备案序号数据更新成功2314
2019-10-22 11:01:13-NemsSpider.nems_join- update_data 589-INFO:备案序号数据更新成功2314
2019-10-22 11:01:13-NemsSpider.pipelines- handler_dec 323-WARNING:jibao-已跳过报关单数据E20190000319810883
2019-10-22 11:01:13-NemsSpider.nems_join- update_data 589-INFO:备案序号数据更新成功2314
2019-10-22 11:01:13-NemsSpider.nems_join- update_data 589-INFO:备案序号数据更新成功2314
2019-10-22 11:01:13-NemsSpider.nems_join- update_data 589-INFO:备案序号数据更新成功2314
2019-10-22 11:01:14-NemsSpider.nems_join- update_data 589-INFO:备案序号数据更新成功2314
2019-10-22 11:01:14-NemsSpider.pipelines- handler_dec 333-INFO:jibao-已更新报关单数据E20190000319744009
2019-10-22 11:01:14-NemsSpider.nems_join- update_data 589-INFO:备案序号数据更新成功2314
2019-10-22 11:01:14-NemsSpider.nems_join- update_data 589-INFO:备案序号数据更新成功2314
2019-10-22 11:01:14-NemsSpider.pipelines- handler_dec 323-WARNING:jibao-已跳过报关单数据E20190000319812115
2019-10-22 11:01:14-NemsSpider.nems_join- update_data 589-INFO:备案序号数据更新成功2314
2019-10-22 11:01:14-NemsSpider.nems_join- update_data 589-INFO:备案序号数据更新成功2314
2019-10-22 11:01:14-NemsSpider.nems_join- update_data 589-INFO:备案序号数据更新成功2314
2019-10-22 11:01:14-NemsSpider.pipelines- handler_dec 323-WARNING:jibao-已跳过报关单数据E20190000319810519
2019-10-22 11:01:14-NemsSpider.nems_join- update_data 589-INFO:备案序号数据更新成功2314
2019-10-22 11:01:14-NemsSpider.nems_join- update_data 589-INFO:备案序号数据更新成功2314
2019-10-22 11:01:14-NemsSpider.pipelines- handler_dec 323-WARNING:jibao-已跳过报关单数据E20190000319839255
2019-10-22 11:01:14-NemsSpider.nems_join- update_data 589-INFO:备案序号数据更新成功2314
2019-10-22 11:01:15-NemsSpider.nems_join- update_data 589-INFO:备案序号数据更新成功2314
2019-10-22 11:01:15-NemsSpider.nems_join- update_data 589-INFO:备案序号数据更新成功2314
2019-10-22 11:01:15-NemsSpider.pipelines- handler_dec 323-WARNING:jibao-已跳过报关单数据E20190000319856991
2019-10-22 11:01:15-NemsSpider.nems_join- update_data 589-INFO:备案序号数据更新成功2314
2019-10-22 11:01:15-NemsSpider.nems_join- update_data 589-INFO:备案序号数据更新成功2315
2019-10-22 11:01:15-NemsSpider.nems_join- update_data 589-INFO:备案序号数据更新成功2359
2019-10-22 11:01:15-NemsSpider.pipelines- handler_dec 323-WARNING:jibao-已跳过报关单数据E20190000319807403
2019-10-22 11:01:15-NemsSpider.nems_join- update_data 589-INFO:备案序号数据更新成功2359
2019-10-22 11:01:15-NemsSpider.nems_join- update_data 589-INFO:备案序号数据更新成功2359
2019-10-22 11:01:15-NemsSpider.nems_join- update_data 589-INFO:备案序号数据更新成功2359
2019-10-22 11:01:15-NemsSpider.pipelines- handler_dec 323-WARNING:jibao-已跳过报关单数据E20190000319876937
2019-10-22 11:01:16-NemsSpider.nems_join- update_data 589-INFO:备案序号数据更新成功2359
2019-10-22 11:01:16-NemsSpider.nems_join- update_data 589-INFO:备案序号数据更新成功2359
2019-10-22 11:01:16-NemsSpider.nems_join- update_data 589-INFO:备案序号数据更新成功2359
2019-10-22 11:01:16-NemsSpider.pipelines- handler_dec 333-INFO:jibao-已更新报关单数据E20190000319739615
2019-10-22 11:01:16-NemsSpider.nems_join- update_data 589-INFO:备案序号数据更新成功2359
2019-10-22 11:01:16-NemsSpider.nems_join- update_data 589-INFO:备案序号数据更新成功2359
2019-10-22 11:01:16-NemsSpider.nems_join- update_data 589-INFO:备案序号数据更新成功2359
2019-10-22 11:01:16-NemsSpider.pipelines- handler_dec 323-WARNING:jibao-已跳过报关单数据E20190000319889397
2019-10-22 11:01:16-NemsSpider.nems_join- update_data 589-INFO:备案序号数据更新成功2359
2019-10-22 11:01:16-NemsSpider.nems_join- update_data 589-INFO:备案序号数据更新成功2359
2019-10-22 11:01:16-NemsSpider.nems_join- update_data 589-INFO:备案序号数据更新成功2359
2019-10-22 11:01:16-NemsSpider.pipelines- handler_dec 323-WARNING:jibao-已跳过报关单数据E20190000319943627
2019-10-22 11:01:16-NemsSpider.nems_join- update_data 589-INFO:备案序号数据更新成功2359
2019-10-22 11:01:17-NemsSpider.nems_join- update_data 589-INFO:备案序号数据更新成功2359
2019-10-22 11:01:17-NemsSpider.nems_join- update_data 589-INFO:备案序号数据更新成功2359
2019-10-22 11:01:17-NemsSpider.nems_join- update_data 589-INFO:备案序号数据更新成功2359
2019-10-22 11:01:17-NemsSpider.pipelines- handler_dec 323-WARNING:jibao-已跳过报关单数据I20190000319560679
2019-10-22 11:01:17-NemsSpider.nems_join- update_data 589-INFO:备案序号数据更新成功2359
2019-10-22 11:01:17-NemsSpider.nems_join- update_data 589-INFO:备案序号数据更新成功2357
2019-10-22 11:01:17-NemsSpider.nems_join- update_data 589-INFO:备案序号数据更新成功2357
2019-10-22 11:01:17-NemsSpider.pipelines- handler_dec 323-WARNING:jibao-已跳过报关单数据I20190000319560675
2019-10-22 11:01:17-NemsSpider.nems_join- update_data 589-INFO:备案序号数据更新成功2357
2019-10-22 11:01:17-NemsSpider.nems_join- update_data 589-INFO:备案序号数据更新成功2357
2019-10-22 11:01:19-NemsSpider.pipelines- handler_nems 154-INFO:已创建核注清单数据201900000012509858
2019-10-22 11:01:20-NemsSpider.nems_join- update_data 589-INFO:备案序号数据更新成功2529
2019-10-22 11:01:20-NemsSpider.nems_join- update_data 589-INFO:备案序号数据更新成功2529
2019-10-22 11:01:20-NemsSpider.nems_join- update_data 589-INFO:备案序号数据更新成功2299
2019-10-22 11:01:20-NemsSpider.nems_join- update_data 589-INFO:备案序号数据更新成功2299
2019-10-22 11:01:20-NemsSpider.nems_join- update_data 589-INFO:备案序号数据更新成功2299
2019-10-22 11:01:20-NemsSpider.nems_join- update_data 589-INFO:备案序号数据更新成功2473
2019-10-22 11:01:20-NemsSpider.nems_join- update_data 589-INFO:备案序号数据更新成功2343
2019-10-22 11:01:20-NemsSpider.nems_join- update_data 589-INFO:备案序号数据更新成功2343
2019-10-22 11:01:20-NemsSpider.nems_join- update_data 589-INFO:备案序号数据更新成功2343
2019-10-22 11:01:20-NemsSpider.nems_join- update_data 589-INFO:备案序号数据更新成功2343
2019-10-22 11:01:20-NemsSpider.nems_join- update_data 589-INFO:备案序号数据更新成功2343
2019-10-22 11:01:20-NemsSpider.nems_join- update_data 589-INFO:备案序号数据更新成功2343
2019-10-22 11:01:21-NemsSpider.nems_join- update_data 589-INFO:备案序号数据更新成功2343
2019-10-22 11:01:21-NemsSpider.nems_join- update_data 589-INFO:备案序号数据更新成功2343
2019-10-22 11:01:21-NemsSpider.nems_join- update_data 589-INFO:备案序号数据更新成功2346
2019-10-22 11:01:21-NemsSpider.nems_join- update_data 589-INFO:备案序号数据更新成功2346
2019-10-22 11:01:21-NemsSpider.nems_join- update_data 589-INFO:备案序号数据更新成功2346
2019-10-22 11:01:21-NemsSpider.nems_join- update_data 589-INFO:备案序号数据更新成功2345
2019-10-22 11:01:21-NemsSpider.nems_join- update_data 589-INFO:备案序号数据更新成功2367
2019-10-22 11:01:21-NemsSpider.nems_join- update_data 589-INFO:备案序号数据更新成功2367
2019-10-22 11:01:21-NemsSpider.nems_join- update_data 589-INFO:备案序号数据更新成功2367
2019-10-22 11:01:21-NemsSpider.nems_join- update_data 589-INFO:备案序号数据更新成功2368
2019-10-22 11:01:21-NemsSpider.nems_join- update_data 589-INFO:备案序号数据更新成功2365
2019-10-22 11:01:22-NemsSpider.nems_join- update_data 589-INFO:备案序号数据更新成功2365
2019-10-22 11:01:22-NemsSpider.nems_join- update_data 589-INFO:备案序号数据更新成功2365
2019-10-22 11:01:22-NemsSpider.nems_join- update_data 589-INFO:备案序号数据更新成功2331
2019-10-22 11:01:22-NemsSpider.nems_join- update_data 589-INFO:备案序号数据更新成功2331
2019-10-22 11:01:22-NemsSpider.nems_join- update_data 589-INFO:备案序号数据更新成功2331
2019-10-22 11:01:22-NemsSpider.nems_join- update_data 589-INFO:备案序号数据更新成功2331
2019-10-22 11:01:22-NemsSpider.nems_join- update_data 589-INFO:备案序号数据更新成功2331
2019-10-22 11:01:22-NemsSpider.nems_join- update_data 589-INFO:备案序号数据更新成功2331
2019-10-22 11:01:22-NemsSpider.nems_join- update_data 589-INFO:备案序号数据更新成功2331
2019-10-22 11:01:22-NemsSpider.nems_join- update_data 589-INFO:备案序号数据更新成功2331
2019-10-22 11:01:22-NemsSpider.nems_join- update_data 589-INFO:备案序号数据更新成功2363
2019-10-22 11:01:23-NemsSpider.nems_join- update_data 589-INFO:备案序号数据更新成功2363
2019-10-22 11:01:23-NemsSpider.nems_join- update_data 589-INFO:备案序号数据更新成功2363
2019-10-22 11:01:23-NemsSpider.nems_join- update_data 589-INFO:备案序号数据更新成功2363
2019-10-22 11:01:23-NemsSpider.nems_join- update_data 589-INFO:备案序号数据更新成功2363
2019-10-22 11:01:23-NemsSpider.nems_join- update_data 589-INFO:备案序号数据更新成功2363
2019-10-22 11:01:23-NemsSpider.nems_join- update_data 589-INFO:备案序号数据更新成功2363
2019-10-22 11:01:23-NemsSpider.nems_join- update_data 589-INFO:备案序号数据更新成功2363
2019-10-22 11:01:23-NemsSpider.nems_join- update_data 589-INFO:备案序号数据更新成功2363
2019-10-22 11:01:23-NemsSpider.nems_join- update_data 589-INFO:备案序号数据更新成功2363
2019-10-22 11:01:23-NemsSpider.nems_join- update_data 589-INFO:备案序号数据更新成功2363
2019-10-22 11:01:24-NemsSpider.nems_join- update_data 589-INFO:备案序号数据更新成功2364
2019-10-22 11:01:24-NemsSpider.nems_join- update_data 589-INFO:备案序号数据更新成功2362
2019-10-22 11:01:24-NemsSpider.nems_join- update_data 589-INFO:备案序号数据更新成功2362
2019-10-22 11:01:24-NemsSpider.nems_join- update_data 589-INFO:备案序号数据更新成功2362
2019-10-22 11:01:24-NemsSpider.nems_join- update_data 589-INFO:备案序号数据更新成功2362
2019-10-22 11:01:24-NemsSpider.nems_join- update_data 589-INFO:备案序号数据更新成功2314
2019-10-22 11:01:25-NemsSpider.pipelines- handler_nems 154-INFO:已创建核注清单数据201900000012509265
2019-10-22 11:01:26-NemsSpider.nems_join- get_sql_data 451-ERROR:走的其他条件逻辑CR_9,0
2019-10-22 11:01:26-NemsSpider.pipelines- handler_nems 154-INFO:已创建核注清单数据201900000012512411
2019-10-22 11:01:27-NemsSpider.nems_join- get_sql_data 451-ERROR:走的其他条件逻辑CR_9,0
2019-10-22 11:01:27-NemsSpider.pipelines- handler_nems 154-INFO:已创建核注清单数据201900000012512054
2019-10-22 11:01:28-NemsSpider.nems_join- get_sql_data 451-ERROR:走的其他条件逻辑CR_9,0
2019-10-22 11:01:28-NemsSpider.pipelines- handler_nems 154-INFO:已创建核注清单数据201900000012511827
2019-10-22 11:01:29-NemsSpider.nems_join- update_data 589-INFO:备案序号数据更新成功3626
2019-10-22 11:01:29-NemsSpider.pipelines- handler_nems 154-INFO:已创建核注清单数据201900000012509911
2019-10-22 11:01:29-NemsSpider.nems_join- update_data 589-INFO:备案序号数据更新成功4568
2019-10-22 11:01:29-NemsSpider.pipelines- handler_nems 154-INFO:已创建核注清单数据201900000012507125
